<?xml version="1.0" encoding="UTF-8"?>
<testExecutions version="1">
  <file path="C:\Temp\POCCleanArchitecture\__tests__\sanity.spec.ts">
    <testCase name="Teste Teste" duration="6"/>
  </file>
  <file path="C:\Temp\POCCleanArchitecture\__tests__\main\factories\infra\todo\todoApiClient.spec.ts">
    <testCase name="TodoApiClient Factory should return a valid ITodoApiClient" duration="6"/>
  </file>
  <file path="C:\Temp\POCCleanArchitecture\__tests__\main\hooks\todo.spec.ts">
    <testCase name="Main - hooks - todo should return a valid ITodoUseCase" duration="455"/>
  </file>
  <file path="C:\Temp\POCCleanArchitecture\__tests__\main\factories\usecases\todo\todoUseCase.spec.ts">
    <testCase name="TodoUseCase Factory should return a valid ITodoUseCase" duration="4"/>
  </file>
  <file path="C:\Temp\POCCleanArchitecture\__tests__\infra\adapters\axiosApiClient.spec.ts">
    <testCase name="Axios API Adapter get should return a valid data from response" duration="9"/>
    <testCase name="Axios API Adapter get should return a valid status a success response" duration="2"/>
    <testCase name="Axios API Adapter get should return a valid statusText a success response" duration="2"/>
    <testCase name="Axios API Adapter get should return a valid total count" duration="1"/>
    <testCase name="Axios API Adapter get should return all request headers" duration="2"/>
    <testCase name="Axios API Adapter get should return total 0 if no header was found" duration="1"/>
    <testCase name="Axios API Adapter get should return total as number if header was returned as string" duration="2"/>
    <testCase name="Axios API Adapter delete should return a valid data from response" duration="1"/>
    <testCase name="Axios API Adapter delete should return a valid status a success response" duration="1"/>
    <testCase name="Axios API Adapter delete should return a valid statusText a success response" duration="2"/>
    <testCase name="Axios API Adapter delete should return total 0 on delete" duration="1"/>
    <testCase name="Axios API Adapter delete should return all request headers" duration="1"/>
    <testCase name="Axios API Adapter post should return a valid data from response" duration="1"/>
    <testCase name="Axios API Adapter post should return a valid status a success response" duration="1"/>
    <testCase name="Axios API Adapter post should return a valid statusText a success response" duration="1"/>
    <testCase name="Axios API Adapter post should return total 0 on post" duration="1"/>
    <testCase name="Axios API Adapter post should return all request headers" duration="1"/>
    <testCase name="Axios API Adapter put should return a valid data from response" duration="1"/>
    <testCase name="Axios API Adapter put should return a valid status a success response" duration="1"/>
    <testCase name="Axios API Adapter put should return a valid statusText a success response" duration="1"/>
    <testCase name="Axios API Adapter put should return total 0 on put" duration="1"/>
    <testCase name="Axios API Adapter put should return all request headers" duration="1"/>
    <testCase name="Axios API Adapter patch should return a valid data from response" duration="2"/>
    <testCase name="Axios API Adapter patch should return a valid status a success response" duration="1"/>
    <testCase name="Axios API Adapter patch should return a valid statusText a success response" duration="1"/>
    <testCase name="Axios API Adapter patch should return total 0 on patch" duration="1"/>
    <testCase name="Axios API Adapter patch should return all request headers" duration="1"/>
  </file>
  <file path="C:\Temp\POCCleanArchitecture\__tests__\presentation\components\todo\todoItem.spec.tsx">
    <testCase name="Presentation - components - todo - TodoItem should render the title" duration="484"/>
  </file>
  <file path="C:\Temp\POCCleanArchitecture\__tests__\infra\adapters\todo\todoApiClient.spec.ts">
    <testCase name="Infra - adapters - todo - TodoApiClient should call apiClient.get with correct values" duration="9"/>
    <testCase name="Infra - adapters - todo - TodoApiClient should throw with apiClient.get throws" duration="19"/>
    <testCase name="Infra - adapters - todo - TodoApiClient should return the date object from apiClient" duration="8"/>
  </file>
  <file path="C:\Temp\POCCleanArchitecture\__tests__\main\hooks\toast.spec.ts">
    <testCase name="main - hooks - toast should return a valid ToastContextType" duration="1217"/>
  </file>
  <file path="C:\Temp\POCCleanArchitecture\__tests__\main\factories\infra\apiClient.spec.ts">
    <testCase name="ApiClient Factory should return a valid IApiClient" duration="5"/>
  </file>
  <file path="C:\Temp\POCCleanArchitecture\__tests__\application\usecases\todoUseCase.spec.ts">
    <testCase name="Application - UseCases - TodoUseCase should call todoApiClient with correct values" duration="8"/>
    <testCase name="Application - UseCases - TodoUseCase should throw with todoApiClient throws" duration="15"/>
    <testCase name="Application - UseCases - TodoUseCase should return the values from todoApiClient" duration="3"/>
  </file>
  <file path="C:\Temp\POCCleanArchitecture\__tests__\main\providers\toastProvider.spec.tsx">
    <testCase name="Main - providers - ToastProvider ContextProvider should render the children" duration="479"/>
    <testCase name="Main - providers - ToastProvider showSuccess should call Toast.show with correct values" duration="602"/>
  </file>
  <file path="C:\Temp\POCCleanArchitecture\__tests__\main\app.spec.tsx">
    <testCase name="Main - App should render the SafeArea" duration="1066"/>
  </file>
  <file path="C:\Temp\POCCleanArchitecture\__tests__\presentation\views\todo.spec.tsx">
    <testCase name="Presentation - Todo should render the list" duration="1106"/>
    <testCase name="Presentation - Todo not render if the component is unmounted" duration="6"/>
    <testCase name="Presentation - Todo should render the toast button" duration="9"/>
    <testCase name="Presentation - Todo should call the show success with correct values" duration="56"/>
  </file>
</testExecutions>